C:\Users\Anuitex-40\source\repos\OnionBookshop\Bookshop.Web\ClientApp\dist\out-tsc\e2e\src\app.po.js
C:\Users\Anuitex-40\source\repos\OnionBookshop\Bookshop.Web\ClientApp\dist\out-tsc\e2e\src\app.po.js.map
C:\Users\Anuitex-40\source\repos\OnionBookshop\Bookshop.Web\ClientApp\dist\out-tsc\e2e\src\app.e2e-spec.js
C:\Users\Anuitex-40\source\repos\OnionBookshop\Bookshop.Web\ClientApp\dist\out-tsc\e2e\src\app.e2e-spec.js.map
C:\Users\Anuitex-40\source\repos\OnionBookshop\Bookshop.Web\ClientApp\dist\out-tsc\src\app\viewModels\book.js
C:\Users\Anuitex-40\source\repos\OnionBookshop\Bookshop.Web\ClientApp\dist\out-tsc\src\app\viewModels\book.js.map
C:\Users\Anuitex-40\source\repos\OnionBookshop\Bookshop.Web\ClientApp\dist\out-tsc\src\app\services\book.service.js
C:\Users\Anuitex-40\source\repos\OnionBookshop\Bookshop.Web\ClientApp\dist\out-tsc\src\app\services\book.service.js.map
C:\Users\Anuitex-40\source\repos\OnionBookshop\Bookshop.Web\ClientApp\dist\out-tsc\src\app\components\get-all-books\get-all-books.component.js
C:\Users\Anuitex-40\source\repos\OnionBookshop\Bookshop.Web\ClientApp\dist\out-tsc\src\app\components\get-all-books\get-all-books.component.js.map
C:\Users\Anuitex-40\source\repos\OnionBookshop\Bookshop.Web\ClientApp\dist\out-tsc\src\app\app-routing.module.js
C:\Users\Anuitex-40\source\repos\OnionBookshop\Bookshop.Web\ClientApp\dist\out-tsc\src\app\app-routing.module.js.map
C:\Users\Anuitex-40\source\repos\OnionBookshop\Bookshop.Web\ClientApp\dist\out-tsc\src\app\app.component.js
C:\Users\Anuitex-40\source\repos\OnionBookshop\Bookshop.Web\ClientApp\dist\out-tsc\src\app\app.component.js.map
C:\Users\Anuitex-40\source\repos\OnionBookshop\Bookshop.Web\ClientApp\dist\out-tsc\src\app\app.module.js
C:\Users\Anuitex-40\source\repos\OnionBookshop\Bookshop.Web\ClientApp\dist\out-tsc\src\app\app.module.js.map
C:\Users\Anuitex-40\source\repos\OnionBookshop\Bookshop.Web\ClientApp\dist\out-tsc\src\environments\environment.js
C:\Users\Anuitex-40\source\repos\OnionBookshop\Bookshop.Web\ClientApp\dist\out-tsc\src\environments\environment.js.map
C:\Users\Anuitex-40\source\repos\OnionBookshop\Bookshop.Web\ClientApp\dist\out-tsc\src\main.js
C:\Users\Anuitex-40\source\repos\OnionBookshop\Bookshop.Web\ClientApp\dist\out-tsc\src\main.js.map
C:\Users\Anuitex-40\source\repos\OnionBookshop\Bookshop.Web\ClientApp\dist\out-tsc\src\polyfills.js
C:\Users\Anuitex-40\source\repos\OnionBookshop\Bookshop.Web\ClientApp\dist\out-tsc\src\polyfills.js.map
C:\Users\Anuitex-40\source\repos\OnionBookshop\Bookshop.Web\ClientApp\dist\out-tsc\src\test.js
C:\Users\Anuitex-40\source\repos\OnionBookshop\Bookshop.Web\ClientApp\dist\out-tsc\src\test.js.map
C:\Users\Anuitex-40\source\repos\OnionBookshop\Bookshop.Web\ClientApp\dist\out-tsc\src\app\app.component.spec.js
C:\Users\Anuitex-40\source\repos\OnionBookshop\Bookshop.Web\ClientApp\dist\out-tsc\src\app\app.component.spec.js.map
C:\Users\Anuitex-40\source\repos\OnionBookshop\Bookshop.Web\ClientApp\dist\out-tsc\src\app\components\get-all-books\get-all-books.component.spec.js
C:\Users\Anuitex-40\source\repos\OnionBookshop\Bookshop.Web\ClientApp\dist\out-tsc\src\app\components\get-all-books\get-all-books.component.spec.js.map
C:\Users\Anuitex-40\source\repos\OnionBookshop\Bookshop.Web\ClientApp\dist\out-tsc\src\app\services\book.service.spec.js
C:\Users\Anuitex-40\source\repos\OnionBookshop\Bookshop.Web\ClientApp\dist\out-tsc\src\app\services\book.service.spec.js.map
C:\Users\Anuitex-40\source\repos\OnionBookshop\Bookshop.Web\ClientApp\dist\out-tsc\src\app\viewModels\book.spec.js
C:\Users\Anuitex-40\source\repos\OnionBookshop\Bookshop.Web\ClientApp\dist\out-tsc\src\app\viewModels\book.spec.js.map
C:\Users\Anuitex-40\source\repos\OnionBookshop\Bookshop.Web\ClientApp\dist\out-tsc\src\environments\environment.prod.js
C:\Users\Anuitex-40\source\repos\OnionBookshop\Bookshop.Web\ClientApp\dist\out-tsc\src\environments\environment.prod.js.map
